# JRE version: OpenJDK Runtime Environment Temurin-21.0.6+7 (21.0.6+7) (build 21.0.6+7-LTS)
# Java VM: OpenJDK 64-Bit Server VM Temurin-21.0.6+7 (21.0.6+7-LTS, mixed mode, sharing, tiered, compressed oops, compressed class ptrs, parallel gc, windows-amd64)
GC Precious Log:
 CardTable entry size: 512
 CPUs: 4 total, 4 available
 Memory: 3977M
 Large Page Support: Disabled
 NUMA Support: Disabled
 Compressed Oops: Enabled (32-bit)
 Alignments: Space 512K, Generation 512K, Heap 2M
 Heap Min Capacity: 100M
 Heap Initial Capacity: 100M
 Heap Max Capacity: 1G
 Pre-touch: Disabled
 Parallel Workers: 4
Heap:
 PSYoungGen      total 19968K, used 15987K [0x00000000eab00000, 0x00000000ec380000, 0x0000000100000000)
  eden space 16384K, 75% used [0x00000000eab00000,0x00000000eb71fa80,0x00000000ebb00000)
  from space 3584K, 99% used [0x00000000ec000000,0x00000000ec37d540,0x00000000ec380000)
  to   space 4096K, 0% used [0x00000000ebb80000,0x00000000ebb80000,0x00000000ebf80000)
 ParOldGen       total 68608K, used 62933K [0x00000000c0000000, 0x00000000c4300000, 0x00000000eab00000)
  object space 68608K, 91% used [0x00000000c0000000,0x00000000c3d757b8,0x00000000c4300000)
 Metaspace       used 61439K, committed 62784K, reserved 1114112K
  class space    used 7013K, committed 7616K, reserved 1048576K
GC Heap History (20 events):
Event: 24.495 GC heap before
{Heap before GC invocations=30 (full 2):
 PSYoungGen      total 24064K, used 23904K [0x00000000eab00000, 0x00000000ec800000, 0x0000000100000000)
  eden space 22016K, 100% used [0x00000000eab00000,0x00000000ec080000,0x00000000ec080000)
  from space 2048K, 92% used [0x00000000ec580000,0x00000000ec758010,0x00000000ec780000)
  to   space 512K, 0% used [0x00000000ec780000,0x00000000ec780000,0x00000000ec800000)
 ParOldGen       total 68608K, used 45708K [0x00000000c0000000, 0x00000000c4300000, 0x00000000eab00000)
  object space 68608K, 66% used [0x00000000c0000000,0x00000000c2ca3298,0x00000000c4300000)
 Metaspace       used 55164K, committed 56384K, reserved 1114112K
  class space    used 6133K, committed 6656K, reserved 1048576K
}
Event: 24.504 GC heap after
{Heap after GC invocations=30 (full 2):
 PSYoungGen      total 22528K, used 504K [0x00000000eab00000, 0x00000000eca80000, 0x0000000100000000)
  eden space 22016K, 0% used [0x00000000eab00000,0x00000000eab00000,0x00000000ec080000)
  from space 512K, 98% used [0x00000000ec780000,0x00000000ec7fe200,0x00000000ec800000)
  to   space 5120K, 0% used [0x00000000ec080000,0x00000000ec080000,0x00000000ec580000)
 ParOldGen       total 68608K, used 49658K [0x00000000c0000000, 0x00000000c4300000, 0x00000000eab00000)
  object space 68608K, 72% used [0x00000000c0000000,0x00000000c307eb68,0x00000000c4300000)
 Metaspace       used 55164K, committed 56384K, reserved 1114112K
  class space    used 6133K, committed 6656K, reserved 1048576K
}
Event: 24.851 GC heap before
{Heap before GC invocations=31 (full 2):
 PSYoungGen      total 22528K, used 22520K [0x00000000eab00000, 0x00000000eca80000, 0x0000000100000000)
  eden space 22016K, 100% used [0x00000000eab00000,0x00000000ec080000,0x00000000ec080000)
  from space 512K, 98% used [0x00000000ec780000,0x00000000ec7fe200,0x00000000ec800000)
  to   space 5120K, 0% used [0x00000000ec080000,0x00000000ec080000,0x00000000ec580000)
 ParOldGen       total 68608K, used 49658K [0x00000000c0000000, 0x00000000c4300000, 0x00000000eab00000)
  object space 68608K, 72% used [0x00000000c0000000,0x00000000c307eb68,0x00000000c4300000)
 Metaspace       used 55250K, committed 56448K, reserved 1114112K
  class space    used 6135K, committed 6656K, reserved 1048576K
}
Event: 24.855 GC heap after
{Heap after GC invocations=31 (full 2):
 PSYoungGen      total 26112K, used 3667K [0x00000000eab00000, 0x00000000ec880000, 0x0000000100000000)
  eden space 22016K, 0% used [0x00000000eab00000,0x00000000eab00000,0x00000000ec080000)
  from space 4096K, 89% used [0x00000000ec080000,0x00000000ec414dd0,0x00000000ec480000)
  to   space 4096K, 0% used [0x00000000ec480000,0x00000000ec480000,0x00000000ec880000)
 ParOldGen       total 68608K, used 50174K [0x00000000c0000000, 0x00000000c4300000, 0x00000000eab00000)
  object space 68608K, 73% used [0x00000000c0000000,0x00000000c30ff938,0x00000000c4300000)
 Metaspace       used 55250K, committed 56448K, reserved 1114112K
  class space    used 6135K, committed 6656K, reserved 1048576K
}
Event: 25.871 GC heap before
{Heap before GC invocations=32 (full 2):
 PSYoungGen      total 26112K, used 25683K [0x00000000eab00000, 0x00000000ec880000, 0x0000000100000000)
  eden space 22016K, 100% used [0x00000000eab00000,0x00000000ec080000,0x00000000ec080000)
  from space 4096K, 89% used [0x00000000ec080000,0x00000000ec414dd0,0x00000000ec480000)
  to   space 4096K, 0% used [0x00000000ec480000,0x00000000ec480000,0x00000000ec880000)
 ParOldGen       total 68608K, used 50174K [0x00000000c0000000, 0x00000000c4300000, 0x00000000eab00000)
  object space 68608K, 73% used [0x00000000c0000000,0x00000000c30ff938,0x00000000c4300000)
 Metaspace       used 57198K, committed 58432K, reserved 1114112K
  class space    used 6472K, committed 6976K, reserved 1048576K
}
Event: 25.877 GC heap after
{Heap after GC invocations=32 (full 2):
 PSYoungGen      total 23040K, used 880K [0x00000000eab00000, 0x00000000ec580000, 0x0000000100000000)
  eden space 22016K, 0% used [0x00000000eab00000,0x00000000eab00000,0x00000000ec080000)
  from space 1024K, 85% used [0x00000000ec480000,0x00000000ec55c010,0x00000000ec580000)
  to   space 2048K, 0% used [0x00000000ec180000,0x00000000ec180000,0x00000000ec380000)
 ParOldGen       total 68608K, used 53742K [0x00000000c0000000, 0x00000000c4300000, 0x00000000eab00000)
  object space 68608K, 78% used [0x00000000c0000000,0x00000000c347b878,0x00000000c4300000)
 Metaspace       used 57198K, committed 58432K, reserved 1114112K
  class space    used 6472K, committed 6976K, reserved 1048576K
}
Event: 26.230 GC heap before
{Heap before GC invocations=33 (full 2):
 PSYoungGen      total 23040K, used 12744K [0x00000000eab00000, 0x00000000ec580000, 0x0000000100000000)
  eden space 22016K, 53% used [0x00000000eab00000,0x00000000eb695ff8,0x00000000ec080000)
  from space 1024K, 85% used [0x00000000ec480000,0x00000000ec55c010,0x00000000ec580000)
  to   space 2048K, 0% used [0x00000000ec180000,0x00000000ec180000,0x00000000ec380000)
 ParOldGen       total 68608K, used 53742K [0x00000000c0000000, 0x00000000c4300000, 0x00000000eab00000)
  object space 68608K, 78% used [0x00000000c0000000,0x00000000c347b878,0x00000000c4300000)
 Metaspace       used 58531K, committed 59776K, reserved 1114112K
  class space    used 6693K, committed 7232K, reserved 1048576K
}
Event: 26.233 GC heap after
{Heap after GC invocations=33 (full 2):
 PSYoungGen      total 24064K, used 384K [0x00000000eab00000, 0x00000000ec500000, 0x0000000100000000)
  eden space 22016K, 0% used [0x00000000eab00000,0x00000000eab00000,0x00000000ec080000)
  from space 2048K, 18% used [0x00000000ec180000,0x00000000ec1e0000,0x00000000ec380000)
  to   space 1024K, 0% used [0x00000000ec400000,0x00000000ec400000,0x00000000ec500000)
 ParOldGen       total 68608K, used 54555K [0x00000000c0000000, 0x00000000c4300000, 0x00000000eab00000)
  object space 68608K, 79% used [0x00000000c0000000,0x00000000c3546c00,0x00000000c4300000)
 Metaspace       used 58531K, committed 59776K, reserved 1114112K
  class space    used 6693K, committed 7232K, reserved 1048576K
}
Event: 26.233 GC heap before
{Heap before GC invocations=34 (full 3):
 PSYoungGen      total 24064K, used 384K [0x00000000eab00000, 0x00000000ec500000, 0x0000000100000000)
  eden space 22016K, 0% used [0x00000000eab00000,0x00000000eab00000,0x00000000ec080000)
  from space 2048K, 18% used [0x00000000ec180000,0x00000000ec1e0000,0x00000000ec380000)
  to   space 1024K, 0% used [0x00000000ec400000,0x00000000ec400000,0x00000000ec500000)
 ParOldGen       total 68608K, used 54555K [0x00000000c0000000, 0x00000000c4300000, 0x00000000eab00000)
  object space 68608K, 79% used [0x00000000c0000000,0x00000000c3546c00,0x00000000c4300000)
 Metaspace       used 58531K, committed 59776K, reserved 1114112K
  class space    used 6693K, committed 7232K, reserved 1048576K
}
Event: 26.423 GC heap after
{Heap after GC invocations=34 (full 3):
 PSYoungGen      total 24064K, used 0K [0x00000000eab00000, 0x00000000ec500000, 0x0000000100000000)
  eden space 22016K, 0% used [0x00000000eab00000,0x00000000eab00000,0x00000000ec080000)
  from space 2048K, 0% used [0x00000000ec180000,0x00000000ec180000,0x00000000ec380000)
  to   space 1024K, 0% used [0x00000000ec400000,0x00000000ec400000,0x00000000ec500000)
 ParOldGen       total 68608K, used 50629K [0x00000000c0000000, 0x00000000c4300000, 0x00000000eab00000)
  object space 68608K, 73% used [0x00000000c0000000,0x00000000c3171788,0x00000000c4300000)
 Metaspace       used 58531K, committed 59776K, reserved 1114112K
  class space    used 6693K, committed 7232K, reserved 1048576K
}
Event: 44.848 GC heap before
{Heap before GC invocations=35 (full 3):
 PSYoungGen      total 24064K, used 21993K [0x00000000eab00000, 0x00000000ec500000, 0x0000000100000000)
  eden space 22016K, 99% used [0x00000000eab00000,0x00000000ec07a5a0,0x00000000ec080000)
  from space 2048K, 0% used [0x00000000ec180000,0x00000000ec180000,0x00000000ec380000)
  to   space 1024K, 0% used [0x00000000ec400000,0x00000000ec400000,0x00000000ec500000)
 ParOldGen       total 68608K, used 50629K [0x00000000c0000000, 0x00000000c4300000, 0x00000000eab00000)
  object space 68608K, 73% used [0x00000000c0000000,0x00000000c3171788,0x00000000c4300000)
 Metaspace       used 60846K, committed 62144K, reserved 1114112K
  class space    used 6979K, committed 7552K, reserved 1048576K
}
Event: 44.860 GC heap after
{Heap after GC invocations=35 (full 3):
 PSYoungGen      total 23040K, used 1015K [0x00000000eab00000, 0x00000000ec680000, 0x0000000100000000)
  eden space 22016K, 0% used [0x00000000eab00000,0x00000000eab00000,0x00000000ec080000)
  from space 1024K, 99% used [0x00000000ec400000,0x00000000ec4fdf38,0x00000000ec500000)
  to   space 3072K, 0% used [0x00000000ec080000,0x00000000ec080000,0x00000000ec380000)
 ParOldGen       total 68608K, used 51959K [0x00000000c0000000, 0x00000000c4300000, 0x00000000eab00000)
  object space 68608K, 75% used [0x00000000c0000000,0x00000000c32bdcf0,0x00000000c4300000)
 Metaspace       used 60846K, committed 62144K, reserved 1114112K
  class space    used 6979K, committed 7552K, reserved 1048576K
}
Event: 46.772 GC heap before
{Heap before GC invocations=36 (full 3):
 PSYoungGen      total 23040K, used 23031K [0x00000000eab00000, 0x00000000ec680000, 0x0000000100000000)
  eden space 22016K, 100% used [0x00000000eab00000,0x00000000ec080000,0x00000000ec080000)
  from space 1024K, 99% used [0x00000000ec400000,0x00000000ec4fdf38,0x00000000ec500000)
  to   space 3072K, 0% used [0x00000000ec080000,0x00000000ec080000,0x00000000ec380000)
 ParOldGen       total 68608K, used 51959K [0x00000000c0000000, 0x00000000c4300000, 0x00000000eab00000)
  object space 68608K, 75% used [0x00000000c0000000,0x00000000c32bdcf0,0x00000000c4300000)
 Metaspace       used 61224K, committed 62528K, reserved 1114112K
  class space    used 7000K, committed 7552K, reserved 1048576K
}
Event: 46.776 GC heap after
{Heap after GC invocations=36 (full 3):
 PSYoungGen      total 23552K, used 1490K [0x00000000eab00000, 0x00000000ec480000, 0x0000000100000000)
  eden space 22016K, 0% used [0x00000000eab00000,0x00000000eab00000,0x00000000ec080000)
  from space 1536K, 97% used [0x00000000ec080000,0x00000000ec1f4ba8,0x00000000ec200000)
  to   space 2048K, 0% used [0x00000000ec280000,0x00000000ec280000,0x00000000ec480000)
 ParOldGen       total 68608K, used 52928K [0x00000000c0000000, 0x00000000c4300000, 0x00000000eab00000)
  object space 68608K, 77% used [0x00000000c0000000,0x00000000c33b02d0,0x00000000c4300000)
 Metaspace       used 61224K, committed 62528K, reserved 1114112K
  class space    used 7000K, committed 7552K, reserved 1048576K
}
Event: 48.316 GC heap before
{Heap before GC invocations=37 (full 3):
 PSYoungGen      total 23552K, used 23431K [0x00000000eab00000, 0x00000000ec480000, 0x0000000100000000)
  eden space 22016K, 99% used [0x00000000eab00000,0x00000000ec06d158,0x00000000ec080000)
  from space 1536K, 97% used [0x00000000ec080000,0x00000000ec1f4ba8,0x00000000ec200000)
  to   space 2048K, 0% used [0x00000000ec280000,0x00000000ec280000,0x00000000ec480000)
 ParOldGen       total 68608K, used 52928K [0x00000000c0000000, 0x00000000c4300000, 0x00000000eab00000)
  object space 68608K, 77% used [0x00000000c0000000,0x00000000c33b02d0,0x00000000c4300000)
 Metaspace       used 61425K, committed 62784K, reserved 1114112K
  class space    used 7013K, committed 7616K, reserved 1048576K
}
Event: 48.323 GC heap after
{Heap after GC invocations=37 (full 3):
 PSYoungGen      total 18432K, used 2045K [0x00000000eab00000, 0x00000000ecf80000, 0x0000000100000000)
  eden space 16384K, 0% used [0x00000000eab00000,0x00000000eab00000,0x00000000ebb00000)
  from space 2048K, 99% used [0x00000000ec280000,0x00000000ec47f6c0,0x00000000ec480000)
  to   space 7680K, 0% used [0x00000000ebb00000,0x00000000ebb00000,0x00000000ec280000)
 ParOldGen       total 68608K, used 57248K [0x00000000c0000000, 0x00000000c4300000, 0x00000000eab00000)
  object space 68608K, 83% used [0x00000000c0000000,0x00000000c37e8238,0x00000000c4300000)
 Metaspace       used 61425K, committed 62784K, reserved 1114112K
  class space    used 7013K, committed 7616K, reserved 1048576K
}
Event: 49.629 GC heap before
{Heap before GC invocations=38 (full 3):
 PSYoungGen      total 18432K, used 18429K [0x00000000eab00000, 0x00000000ecf80000, 0x0000000100000000)
  eden space 16384K, 100% used [0x00000000eab00000,0x00000000ebb00000,0x00000000ebb00000)
  from space 2048K, 99% used [0x00000000ec280000,0x00000000ec47f6c0,0x00000000ec480000)
  to   space 7680K, 0% used [0x00000000ebb00000,0x00000000ebb00000,0x00000000ec280000)
 ParOldGen       total 68608K, used 57248K [0x00000000c0000000, 0x00000000c4300000, 0x00000000eab00000)
  object space 68608K, 83% used [0x00000000c0000000,0x00000000c37e8238,0x00000000c4300000)
 Metaspace       used 61435K, committed 62784K, reserved 1114112K
  class space    used 7013K, committed 7616K, reserved 1048576K
}
Event: 49.635 GC heap after
{Heap after GC invocations=38 (full 3):
 PSYoungGen      total 20480K, used 4066K [0x00000000eab00000, 0x00000000ec500000, 0x0000000100000000)
  eden space 16384K, 0% used [0x00000000eab00000,0x00000000eab00000,0x00000000ebb00000)
  from space 4096K, 99% used [0x00000000ebb00000,0x00000000ebef8838,0x00000000ebf00000)
  to   space 5120K, 0% used [0x00000000ec000000,0x00000000ec000000,0x00000000ec500000)
 ParOldGen       total 68608K, used 59074K [0x00000000c0000000, 0x00000000c4300000, 0x00000000eab00000)
  object space 68608K, 86% used [0x00000000c0000000,0x00000000c39b0838,0x00000000c4300000)
 Metaspace       used 61435K, committed 62784K, reserved 1114112K
  class space    used 7013K, committed 7616K, reserved 1048576K
}
Event: 53.485 GC heap before
{Heap before GC invocations=39 (full 3):
 PSYoungGen      total 20480K, used 20438K [0x00000000eab00000, 0x00000000ec500000, 0x0000000100000000)
  eden space 16384K, 99% used [0x00000000eab00000,0x00000000ebafd328,0x00000000ebb00000)
  from space 4096K, 99% used [0x00000000ebb00000,0x00000000ebef8838,0x00000000ebf00000)
  to   space 5120K, 0% used [0x00000000ec000000,0x00000000ec000000,0x00000000ec500000)
 ParOldGen       total 68608K, used 59074K [0x00000000c0000000, 0x00000000c4300000, 0x00000000eab00000)
  object space 68608K, 86% used [0x00000000c0000000,0x00000000c39b0838,0x00000000c4300000)
 Metaspace       used 61438K, committed 62784K, reserved 1114112K
  class space    used 7013K, committed 7616K, reserved 1048576K
}
Event: 53.492 GC heap after
{Heap after GC invocations=39 (full 3):
 PSYoungGen      total 19968K, used 3573K [0x00000000eab00000, 0x00000000ec380000, 0x0000000100000000)
  eden space 16384K, 0% used [0x00000000eab00000,0x00000000eab00000,0x00000000ebb00000)
  from space 3584K, 99% used [0x00000000ec000000,0x00000000ec37d540,0x00000000ec380000)
  to   space 4096K, 0% used [0x00000000ebb80000,0x00000000ebb80000,0x00000000ebf80000)
 ParOldGen       total 68608K, used 62933K [0x00000000c0000000, 0x00000000c4300000, 0x00000000eab00000)
  object space 68608K, 91% used [0x00000000c0000000,0x00000000c3d757b8,0x00000000c4300000)
 Metaspace       used 61438K, committed 62784K, reserved 1114112K
  class space    used 7013K, committed 7616K, reserved 1048576K
}

