# JRE version: Java(TM) SE Runtime Environment (8.0_181-b13) (build 1.8.0_181-b13)
# Java VM: Java HotSpot(TM) 64-Bit Server VM (25.181-b13 mixed mode windows-amd64 compressed oops)
Heap:
 PSYoungGen      total 208384K, used 144105K [0x000000076ab00000, 0x000000077b980000, 0x00000007c0000000)
  eden space 196096K, 73% used [0x000000076ab00000,0x00000007737ba600,0x0000000776a80000)
  from space 12288K, 0% used [0x0000000776a80000,0x0000000776a80000,0x0000000777680000)
  to   space 13312K, 0% used [0x000000077ac80000,0x000000077ac80000,0x000000077b980000)
 ParOldGen       total 78848K, used 33264K [0x00000006c0000000, 0x00000006c4d00000, 0x000000076ab00000)
  object space 78848K, 42% used [0x00000006c0000000,0x00000006c207c3c0,0x00000006c4d00000)
 Metaspace       used 63042K, capacity 68765K, committed 68888K, reserved 1107968K
  class space    used 9245K, capacity 10203K, committed 10280K, reserved 1048576K
GC Heap History (10 events):
Event: 12.983 GC heap before
{Heap before GC invocations=14 (full 2):
 PSYoungGen      total 160768K, used 7722K [0x000000076ab00000, 0x0000000775300000, 0x00000007c0000000)
  eden space 151552K, 0% used [0x000000076ab00000,0x000000076ab00000,0x0000000773f00000)
  from space 9216K, 83% used [0x0000000774980000,0x000000077510aa58,0x0000000775280000)
  to   space 10240K, 0% used [0x0000000773f00000,0x0000000773f00000,0x0000000774900000)
 ParOldGen       total 31232K, used 13166K [0x00000006c0000000, 0x00000006c1e80000, 0x000000076ab00000)
  object space 31232K, 42% used [0x00000006c0000000,0x00000006c0cdb8d0,0x00000006c1e80000)
 Metaspace       used 33550K, capacity 35399K, committed 35496K, reserved 1079296K
  class space    used 4904K, capacity 5263K, committed 5288K, reserved 1048576K
Event: 13.152 GC heap after
Heap after GC invocations=14 (full 2):
 PSYoungGen      total 160768K, used 0K [0x000000076ab00000, 0x0000000775300000, 0x00000007c0000000)
  eden space 151552K, 0% used [0x000000076ab00000,0x000000076ab00000,0x0000000773f00000)
  from space 9216K, 0% used [0x0000000774980000,0x0000000774980000,0x0000000775280000)
  to   space 10240K, 0% used [0x0000000773f00000,0x0000000773f00000,0x0000000774900000)
 ParOldGen       total 51712K, used 18693K [0x00000006c0000000, 0x00000006c3280000, 0x000000076ab00000)
  object space 51712K, 36% used [0x00000006c0000000,0x00000006c12416d8,0x00000006c3280000)
 Metaspace       used 33550K, capacity 35399K, committed 35496K, reserved 1079296K
  class space    used 4904K, capacity 5263K, committed 5288K, reserved 1048576K
}
Event: 16.425 GC heap before
{Heap before GC invocations=15 (full 2):
 PSYoungGen      total 160768K, used 151552K [0x000000076ab00000, 0x0000000775300000, 0x00000007c0000000)
  eden space 151552K, 100% used [0x000000076ab00000,0x0000000773f00000,0x0000000773f00000)
  from space 9216K, 0% used [0x0000000774980000,0x0000000774980000,0x0000000775280000)
  to   space 10240K, 0% used [0x0000000773f00000,0x0000000773f00000,0x0000000774900000)
 ParOldGen       total 51712K, used 18693K [0x00000006c0000000, 0x00000006c3280000, 0x000000076ab00000)
  object space 51712K, 36% used [0x00000006c0000000,0x00000006c12416d8,0x00000006c3280000)
 Metaspace       used 40124K, capacity 42649K, committed 42920K, reserved 1085440K
  class space    used 5721K, capacity 6236K, committed 6312K, reserved 1048576K
Event: 16.450 GC heap after
Heap after GC invocations=15 (full 2):
 PSYoungGen      total 161792K, used 9507K [0x000000076ab00000, 0x0000000778180000, 0x00000007c0000000)
  eden space 151552K, 0% used [0x000000076ab00000,0x000000076ab00000,0x0000000773f00000)
  from space 10240K, 92% used [0x0000000773f00000,0x0000000774848ce0,0x0000000774900000)
  to   space 11264K, 0% used [0x0000000777680000,0x0000000777680000,0x0000000778180000)
 ParOldGen       total 51712K, used 18701K [0x00000006c0000000, 0x00000006c3280000, 0x000000076ab00000)
  object space 51712K, 36% used [0x00000006c0000000,0x00000006c12436d8,0x00000006c3280000)
 Metaspace       used 40124K, capacity 42649K, committed 42920K, reserved 1085440K
  class space    used 5721K, capacity 6236K, committed 6312K, reserved 1048576K
}
Event: 20.156 GC heap before
{Heap before GC invocations=16 (full 2):
 PSYoungGen      total 161792K, used 161059K [0x000000076ab00000, 0x0000000778180000, 0x00000007c0000000)
  eden space 151552K, 100% used [0x000000076ab00000,0x0000000773f00000,0x0000000773f00000)
  from space 10240K, 92% used [0x0000000773f00000,0x0000000774848ce0,0x0000000774900000)
  to   space 11264K, 0% used [0x0000000777680000,0x0000000777680000,0x0000000778180000)
 ParOldGen       total 51712K, used 18701K [0x00000006c0000000, 0x00000006c3280000, 0x000000076ab00000)
  object space 51712K, 36% used [0x00000006c0000000,0x00000006c12436d8,0x00000006c3280000)
 Metaspace       used 47847K, capacity 51389K, committed 51496K, reserved 1093632K
  class space    used 7012K, capacity 7662K, committed 7720K, reserved 1048576K
Event: 20.244 GC heap after
Heap after GC invocations=16 (full 2):
 PSYoungGen      total 207360K, used 9537K [0x000000076ab00000, 0x0000000778400000, 0x00000007c0000000)
  eden space 196096K, 0% used [0x000000076ab00000,0x000000076ab00000,0x0000000776a80000)
  from space 11264K, 84% used [0x0000000777680000,0x0000000777fd0508,0x0000000778180000)
  to   space 12288K, 0% used [0x0000000776a80000,0x0000000776a80000,0x0000000777680000)
 ParOldGen       total 51712K, used 24437K [0x00000006c0000000, 0x00000006c3280000, 0x000000076ab00000)
  object space 51712K, 47% used [0x00000006c0000000,0x00000006c17dd678,0x00000006c3280000)
 Metaspace       used 47847K, capacity 51389K, committed 51496K, reserved 1093632K
  class space    used 7012K, capacity 7662K, committed 7720K, reserved 1048576K
}
Event: 23.303 GC heap before
{Heap before GC invocations=17 (full 2):
 PSYoungGen      total 207360K, used 173331K [0x000000076ab00000, 0x0000000778400000, 0x00000007c0000000)
  eden space 196096K, 83% used [0x000000076ab00000,0x0000000774af4958,0x0000000776a80000)
  from space 11264K, 84% used [0x0000000777680000,0x0000000777fd0508,0x0000000778180000)
  to   space 12288K, 0% used [0x0000000776a80000,0x0000000776a80000,0x0000000777680000)
 ParOldGen       total 51712K, used 24437K [0x00000006c0000000, 0x00000006c3280000, 0x000000076ab00000)
  object space 51712K, 47% used [0x00000006c0000000,0x00000006c17dd678,0x00000006c3280000)
 Metaspace       used 54890K, capacity 59121K, committed 59160K, reserved 1099776K
  class space    used 7974K, capacity 8725K, committed 8744K, reserved 1048576K
Event: 23.329 GC heap after
Heap after GC invocations=17 (full 2):
 PSYoungGen      total 208384K, used 10246K [0x000000076ab00000, 0x000000077b980000, 0x00000007c0000000)
  eden space 196096K, 0% used [0x000000076ab00000,0x000000076ab00000,0x0000000776a80000)
  from space 12288K, 83% used [0x0000000776a80000,0x0000000777481a10,0x0000000777680000)
  to   space 13312K, 0% used [0x000000077ac80000,0x000000077ac80000,0x000000077b980000)
 ParOldGen       total 51712K, used 28519K [0x00000006c0000000, 0x00000006c3280000, 0x000000076ab00000)
  object space 51712K, 55% used [0x00000006c0000000,0x00000006c1bd9c28,0x00000006c3280000)
 Metaspace       used 54890K, capacity 59121K, committed 59160K, reserved 1099776K
  class space    used 7974K, capacity 8725K, committed 8744K, reserved 1048576K
}
Event: 23.332 GC heap before
{Heap before GC invocations=18 (full 3):
 PSYoungGen      total 208384K, used 10246K [0x000000076ab00000, 0x000000077b980000, 0x00000007c0000000)
  eden space 196096K, 0% used [0x000000076ab00000,0x000000076ab00000,0x0000000776a80000)
  from space 12288K, 83% used [0x0000000776a80000,0x0000000777481a10,0x0000000777680000)
  to   space 13312K, 0% used [0x000000077ac80000,0x000000077ac80000,0x000000077b980000)
 ParOldGen       total 51712K, used 28519K [0x00000006c0000000, 0x00000006c3280000, 0x000000076ab00000)
  object space 51712K, 55% used [0x00000006c0000000,0x00000006c1bd9c28,0x00000006c3280000)
 Metaspace       used 54890K, capacity 59121K, committed 59160K, reserved 1099776K
  class space    used 7974K, capacity 8725K, committed 8744K, reserved 1048576K
Event: 23.655 GC heap after
Heap after GC invocations=18 (full 3):
 PSYoungGen      total 208384K, used 0K [0x000000076ab00000, 0x000000077b980000, 0x00000007c0000000)
  eden space 196096K, 0% used [0x000000076ab00000,0x000000076ab00000,0x0000000776a80000)
  from space 12288K, 0% used [0x0000000776a80000,0x0000000776a80000,0x0000000777680000)
  to   space 13312K, 0% used [0x000000077ac80000,0x000000077ac80000,0x000000077b980000)
 ParOldGen       total 78848K, used 33264K [0x00000006c0000000, 0x00000006c4d00000, 0x000000076ab00000)
  object space 78848K, 42% used [0x00000006c0000000,0x00000006c207c3c0,0x00000006c4d00000)
 Metaspace       used 54890K, capacity 59121K, committed 59160K, reserved 1099776K
  class space    used 7974K, capacity 8725K, committed 8744K, reserved 1048576K
}

