# JRE version: OpenJDK Runtime Environment Temurin-21.0.6+7 (21.0.6+7) (build 21.0.6+7-LTS)
# Java VM: OpenJDK 64-Bit Server VM Temurin-21.0.6+7 (21.0.6+7-LTS, mixed mode, sharing, tiered, compressed oops, compressed class ptrs, parallel gc, windows-amd64)
GC Precious Log:
 CardTable entry size: 512
 CPUs: 4 total, 4 available
 Memory: 3977M
 Large Page Support: Disabled
 NUMA Support: Disabled
 Compressed Oops: Enabled (32-bit)
 Alignments: Space 512K, Generation 512K, Heap 2M
 Heap Min Capacity: 100M
 Heap Initial Capacity: 100M
 Heap Max Capacity: 1G
 Pre-touch: Disabled
 Parallel Workers: 4
Heap:
 PSYoungGen      total 22016K, used 9839K [0x00000000eab00000, 0x00000000ec600000, 0x0000000100000000)
  eden space 21504K, 43% used [0x00000000eab00000,0x00000000eb433df0,0x00000000ec000000)
  from space 512K, 81% used [0x00000000ec580000,0x00000000ec5e8000,0x00000000ec600000)
  to   space 512K, 0% used [0x00000000ec500000,0x00000000ec500000,0x00000000ec580000)
 ParOldGen       total 68608K, used 40252K [0x00000000c0000000, 0x00000000c4300000, 0x00000000eab00000)
  object space 68608K, 58% used [0x00000000c0000000,0x00000000c274f108,0x00000000c4300000)
 Metaspace       used 66969K, committed 68288K, reserved 1114112K
  class space    used 8184K, committed 8768K, reserved 1048576K
GC Heap History (20 events):
Event: 84.063 GC heap before
{Heap before GC invocations=34 (full 3):
 PSYoungGen      total 22016K, used 21986K [0x00000000eab00000, 0x00000000ec700000, 0x0000000100000000)
  eden space 21504K, 100% used [0x00000000eab00000,0x00000000ec000000,0x00000000ec000000)
  from space 512K, 94% used [0x00000000ec680000,0x00000000ec6f8a58,0x00000000ec700000)
  to   space 1024K, 0% used [0x00000000ec500000,0x00000000ec500000,0x00000000ec600000)
 ParOldGen       total 68608K, used 39531K [0x00000000c0000000, 0x00000000c4300000, 0x00000000eab00000)
  object space 68608K, 57% used [0x00000000c0000000,0x00000000c269ace8,0x00000000c4300000)
 Metaspace       used 64675K, committed 65984K, reserved 1114112K
  class space    used 7882K, committed 8512K, reserved 1048576K
}
Event: 84.066 GC heap after
{Heap after GC invocations=34 (full 3):
 PSYoungGen      total 22528K, used 384K [0x00000000eab00000, 0x00000000ec700000, 0x0000000100000000)
  eden space 21504K, 0% used [0x00000000eab00000,0x00000000eab00000,0x00000000ec000000)
  from space 1024K, 37% used [0x00000000ec500000,0x00000000ec560000,0x00000000ec600000)
  to   space 1024K, 0% used [0x00000000ec600000,0x00000000ec600000,0x00000000ec700000)
 ParOldGen       total 68608K, used 39725K [0x00000000c0000000, 0x00000000c4300000, 0x00000000eab00000)
  object space 68608K, 57% used [0x00000000c0000000,0x00000000c26cb4a8,0x00000000c4300000)
 Metaspace       used 64675K, committed 65984K, reserved 1114112K
  class space    used 7882K, committed 8512K, reserved 1048576K
}
Event: 84.836 GC heap before
{Heap before GC invocations=35 (full 3):
 PSYoungGen      total 22528K, used 21888K [0x00000000eab00000, 0x00000000ec700000, 0x0000000100000000)
  eden space 21504K, 100% used [0x00000000eab00000,0x00000000ec000000,0x00000000ec000000)
  from space 1024K, 37% used [0x00000000ec500000,0x00000000ec560000,0x00000000ec600000)
  to   space 1024K, 0% used [0x00000000ec600000,0x00000000ec600000,0x00000000ec700000)
 ParOldGen       total 68608K, used 39725K [0x00000000c0000000, 0x00000000c4300000, 0x00000000eab00000)
  object space 68608K, 57% used [0x00000000c0000000,0x00000000c26cb4a8,0x00000000c4300000)
 Metaspace       used 65008K, committed 66368K, reserved 1114112K
  class space    used 7940K, committed 8576K, reserved 1048576K
}
Event: 84.838 GC heap after
{Heap after GC invocations=35 (full 3):
 PSYoungGen      total 22528K, used 1012K [0x00000000eab00000, 0x00000000ec700000, 0x0000000100000000)
  eden space 21504K, 0% used [0x00000000eab00000,0x00000000eab00000,0x00000000ec000000)
  from space 1024K, 98% used [0x00000000ec600000,0x00000000ec6fd108,0x00000000ec700000)
  to   space 1536K, 0% used [0x00000000ec400000,0x00000000ec400000,0x00000000ec580000)
 ParOldGen       total 68608K, used 39896K [0x00000000c0000000, 0x00000000c4300000, 0x00000000eab00000)
  object space 68608K, 58% used [0x00000000c0000000,0x00000000c26f6028,0x00000000c4300000)
 Metaspace       used 65008K, committed 66368K, reserved 1114112K
  class space    used 7940K, committed 8576K, reserved 1048576K
}
Event: 85.545 GC heap before
{Heap before GC invocations=36 (full 3):
 PSYoungGen      total 22528K, used 22516K [0x00000000eab00000, 0x00000000ec700000, 0x0000000100000000)
  eden space 21504K, 100% used [0x00000000eab00000,0x00000000ec000000,0x00000000ec000000)
  from space 1024K, 98% used [0x00000000ec600000,0x00000000ec6fd108,0x00000000ec700000)
  to   space 1536K, 0% used [0x00000000ec400000,0x00000000ec400000,0x00000000ec580000)
 ParOldGen       total 68608K, used 39896K [0x00000000c0000000, 0x00000000c4300000, 0x00000000eab00000)
  object space 68608K, 58% used [0x00000000c0000000,0x00000000c26f6028,0x00000000c4300000)
 Metaspace       used 65008K, committed 66368K, reserved 1114112K
  class space    used 7940K, committed 8576K, reserved 1048576K
}
Event: 85.546 GC heap after
{Heap after GC invocations=36 (full 3):
 PSYoungGen      total 23040K, used 1100K [0x00000000eab00000, 0x00000000ec680000, 0x0000000100000000)
  eden space 21504K, 0% used [0x00000000eab00000,0x00000000eab00000,0x00000000ec000000)
  from space 1536K, 71% used [0x00000000ec400000,0x00000000ec513178,0x00000000ec580000)
  to   space 1024K, 0% used [0x00000000ec580000,0x00000000ec580000,0x00000000ec680000)
 ParOldGen       total 68608K, used 40056K [0x00000000c0000000, 0x00000000c4300000, 0x00000000eab00000)
  object space 68608K, 58% used [0x00000000c0000000,0x00000000c271e028,0x00000000c4300000)
 Metaspace       used 65008K, committed 66368K, reserved 1114112K
  class space    used 7940K, committed 8576K, reserved 1048576K
}
Event: 86.222 GC heap before
{Heap before GC invocations=37 (full 3):
 PSYoungGen      total 23040K, used 22604K [0x00000000eab00000, 0x00000000ec680000, 0x0000000100000000)
  eden space 21504K, 100% used [0x00000000eab00000,0x00000000ec000000,0x00000000ec000000)
  from space 1536K, 71% used [0x00000000ec400000,0x00000000ec513178,0x00000000ec580000)
  to   space 1024K, 0% used [0x00000000ec580000,0x00000000ec580000,0x00000000ec680000)
 ParOldGen       total 68608K, used 40056K [0x00000000c0000000, 0x00000000c4300000, 0x00000000eab00000)
  object space 68608K, 58% used [0x00000000c0000000,0x00000000c271e028,0x00000000c4300000)
 Metaspace       used 65008K, committed 66368K, reserved 1114112K
  class space    used 7940K, committed 8576K, reserved 1048576K
}
Event: 86.223 GC heap after
{Heap after GC invocations=37 (full 3):
 PSYoungGen      total 22528K, used 588K [0x00000000eab00000, 0x00000000ec680000, 0x0000000100000000)
  eden space 21504K, 0% used [0x00000000eab00000,0x00000000eab00000,0x00000000ec000000)
  from space 1024K, 57% used [0x00000000ec580000,0x00000000ec613160,0x00000000ec680000)
  to   space 1024K, 0% used [0x00000000ec480000,0x00000000ec480000,0x00000000ec580000)
 ParOldGen       total 68608K, used 40072K [0x00000000c0000000, 0x00000000c4300000, 0x00000000eab00000)
  object space 68608K, 58% used [0x00000000c0000000,0x00000000c2722028,0x00000000c4300000)
 Metaspace       used 65008K, committed 66368K, reserved 1114112K
  class space    used 7940K, committed 8576K, reserved 1048576K
}
Event: 86.897 GC heap before
{Heap before GC invocations=38 (full 3):
 PSYoungGen      total 22528K, used 22092K [0x00000000eab00000, 0x00000000ec680000, 0x0000000100000000)
  eden space 21504K, 100% used [0x00000000eab00000,0x00000000ec000000,0x00000000ec000000)
  from space 1024K, 57% used [0x00000000ec580000,0x00000000ec613160,0x00000000ec680000)
  to   space 1024K, 0% used [0x00000000ec480000,0x00000000ec480000,0x00000000ec580000)
 ParOldGen       total 68608K, used 40072K [0x00000000c0000000, 0x00000000c4300000, 0x00000000eab00000)
  object space 68608K, 58% used [0x00000000c0000000,0x00000000c2722028,0x00000000c4300000)
 Metaspace       used 65008K, committed 66368K, reserved 1114112K
  class space    used 7940K, committed 8576K, reserved 1048576K
}
Event: 86.898 GC heap after
{Heap after GC invocations=38 (full 3):
 PSYoungGen      total 22528K, used 704K [0x00000000eab00000, 0x00000000ec600000, 0x0000000100000000)
  eden space 21504K, 0% used [0x00000000eab00000,0x00000000eab00000,0x00000000ec000000)
  from space 1024K, 68% used [0x00000000ec480000,0x00000000ec530068,0x00000000ec580000)
  to   space 512K, 0% used [0x00000000ec580000,0x00000000ec580000,0x00000000ec600000)
 ParOldGen       total 68608K, used 40088K [0x00000000c0000000, 0x00000000c4300000, 0x00000000eab00000)
  object space 68608K, 58% used [0x00000000c0000000,0x00000000c2726028,0x00000000c4300000)
 Metaspace       used 65008K, committed 66368K, reserved 1114112K
  class space    used 7940K, committed 8576K, reserved 1048576K
}
Event: 87.427 GC heap before
{Heap before GC invocations=39 (full 3):
 PSYoungGen      total 22528K, used 22208K [0x00000000eab00000, 0x00000000ec600000, 0x0000000100000000)
  eden space 21504K, 100% used [0x00000000eab00000,0x00000000ec000000,0x00000000ec000000)
  from space 1024K, 68% used [0x00000000ec480000,0x00000000ec530068,0x00000000ec580000)
  to   space 512K, 0% used [0x00000000ec580000,0x00000000ec580000,0x00000000ec600000)
 ParOldGen       total 68608K, used 40088K [0x00000000c0000000, 0x00000000c4300000, 0x00000000eab00000)
  object space 68608K, 58% used [0x00000000c0000000,0x00000000c2726028,0x00000000c4300000)
 Metaspace       used 65008K, committed 66368K, reserved 1114112K
  class space    used 7940K, committed 8576K, reserved 1048576K
}
Event: 87.428 GC heap after
{Heap after GC invocations=39 (full 3):
 PSYoungGen      total 22016K, used 324K [0x00000000eab00000, 0x00000000ec600000, 0x0000000100000000)
  eden space 21504K, 0% used [0x00000000eab00000,0x00000000eab00000,0x00000000ec000000)
  from space 512K, 63% used [0x00000000ec580000,0x00000000ec5d1390,0x00000000ec600000)
  to   space 512K, 0% used [0x00000000ec500000,0x00000000ec500000,0x00000000ec580000)
 ParOldGen       total 68608K, used 40112K [0x00000000c0000000, 0x00000000c4300000, 0x00000000eab00000)
  object space 68608K, 58% used [0x00000000c0000000,0x00000000c272c028,0x00000000c4300000)
 Metaspace       used 65008K, committed 66368K, reserved 1114112K
  class space    used 7940K, committed 8576K, reserved 1048576K
}
Event: 87.883 GC heap before
{Heap before GC invocations=40 (full 3):
 PSYoungGen      total 22016K, used 21828K [0x00000000eab00000, 0x00000000ec600000, 0x0000000100000000)
  eden space 21504K, 100% used [0x00000000eab00000,0x00000000ec000000,0x00000000ec000000)
  from space 512K, 63% used [0x00000000ec580000,0x00000000ec5d1390,0x00000000ec600000)
  to   space 512K, 0% used [0x00000000ec500000,0x00000000ec500000,0x00000000ec580000)
 ParOldGen       total 68608K, used 40112K [0x00000000c0000000, 0x00000000c4300000, 0x00000000eab00000)
  object space 68608K, 58% used [0x00000000c0000000,0x00000000c272c028,0x00000000c4300000)
 Metaspace       used 65008K, committed 66368K, reserved 1114112K
  class space    used 7940K, committed 8576K, reserved 1048576K
}
Event: 87.884 GC heap after
{Heap after GC invocations=40 (full 3):
 PSYoungGen      total 22016K, used 197K [0x00000000eab00000, 0x00000000ec600000, 0x0000000100000000)
  eden space 21504K, 0% used [0x00000000eab00000,0x00000000eab00000,0x00000000ec000000)
  from space 512K, 38% used [0x00000000ec500000,0x00000000ec5314d0,0x00000000ec580000)
  to   space 512K, 0% used [0x00000000ec580000,0x00000000ec580000,0x00000000ec600000)
 ParOldGen       total 68608K, used 40136K [0x00000000c0000000, 0x00000000c4300000, 0x00000000eab00000)
  object space 68608K, 58% used [0x00000000c0000000,0x00000000c2732028,0x00000000c4300000)
 Metaspace       used 65008K, committed 66368K, reserved 1114112K
  class space    used 7940K, committed 8576K, reserved 1048576K
}
Event: 88.196 GC heap before
{Heap before GC invocations=41 (full 3):
 PSYoungGen      total 22016K, used 21701K [0x00000000eab00000, 0x00000000ec600000, 0x0000000100000000)
  eden space 21504K, 100% used [0x00000000eab00000,0x00000000ec000000,0x00000000ec000000)
  from space 512K, 38% used [0x00000000ec500000,0x00000000ec5314d0,0x00000000ec580000)
  to   space 512K, 0% used [0x00000000ec580000,0x00000000ec580000,0x00000000ec600000)
 ParOldGen       total 68608K, used 40136K [0x00000000c0000000, 0x00000000c4300000, 0x00000000eab00000)
  object space 68608K, 58% used [0x00000000c0000000,0x00000000c2732028,0x00000000c4300000)
 Metaspace       used 65008K, committed 66368K, reserved 1114112K
  class space    used 7940K, committed 8576K, reserved 1048576K
}
Event: 88.196 GC heap after
{Heap after GC invocations=41 (full 3):
 PSYoungGen      total 22016K, used 213K [0x00000000eab00000, 0x00000000ec600000, 0x0000000100000000)
  eden space 21504K, 0% used [0x00000000eab00000,0x00000000eab00000,0x00000000ec000000)
  from space 512K, 41% used [0x00000000ec580000,0x00000000ec5b54b8,0x00000000ec600000)
  to   space 512K, 0% used [0x00000000ec500000,0x00000000ec500000,0x00000000ec580000)
 ParOldGen       total 68608K, used 40152K [0x00000000c0000000, 0x00000000c4300000, 0x00000000eab00000)
  object space 68608K, 58% used [0x00000000c0000000,0x00000000c2736028,0x00000000c4300000)
 Metaspace       used 65008K, committed 66368K, reserved 1114112K
  class space    used 7940K, committed 8576K, reserved 1048576K
}
Event: 88.754 GC heap before
{Heap before GC invocations=42 (full 3):
 PSYoungGen      total 22016K, used 21717K [0x00000000eab00000, 0x00000000ec600000, 0x0000000100000000)
  eden space 21504K, 100% used [0x00000000eab00000,0x00000000ec000000,0x00000000ec000000)
  from space 512K, 41% used [0x00000000ec580000,0x00000000ec5b54b8,0x00000000ec600000)
  to   space 512K, 0% used [0x00000000ec500000,0x00000000ec500000,0x00000000ec580000)
 ParOldGen       total 68608K, used 40152K [0x00000000c0000000, 0x00000000c4300000, 0x00000000eab00000)
  object space 68608K, 58% used [0x00000000c0000000,0x00000000c2736028,0x00000000c4300000)
 Metaspace       used 65008K, committed 66368K, reserved 1114112K
  class space    used 7940K, committed 8576K, reserved 1048576K
}
Event: 88.755 GC heap after
{Heap after GC invocations=42 (full 3):
 PSYoungGen      total 22016K, used 209K [0x00000000eab00000, 0x00000000ec600000, 0x0000000100000000)
  eden space 21504K, 0% used [0x00000000eab00000,0x00000000eab00000,0x00000000ec000000)
  from space 512K, 40% used [0x00000000ec500000,0x00000000ec534640,0x00000000ec580000)
  to   space 512K, 0% used [0x00000000ec580000,0x00000000ec580000,0x00000000ec600000)
 ParOldGen       total 68608K, used 40204K [0x00000000c0000000, 0x00000000c4300000, 0x00000000eab00000)
  object space 68608K, 58% used [0x00000000c0000000,0x00000000c27430f8,0x00000000c4300000)
 Metaspace       used 65008K, committed 66368K, reserved 1114112K
  class space    used 7940K, committed 8576K, reserved 1048576K
}
Event: 163.935 GC heap before
{Heap before GC invocations=43 (full 3):
 PSYoungGen      total 22016K, used 21713K [0x00000000eab00000, 0x00000000ec600000, 0x0000000100000000)
  eden space 21504K, 100% used [0x00000000eab00000,0x00000000ec000000,0x00000000ec000000)
  from space 512K, 40% used [0x00000000ec500000,0x00000000ec534640,0x00000000ec580000)
  to   space 512K, 0% used [0x00000000ec580000,0x00000000ec580000,0x00000000ec600000)
 ParOldGen       total 68608K, used 40204K [0x00000000c0000000, 0x00000000c4300000, 0x00000000eab00000)
  object space 68608K, 58% used [0x00000000c0000000,0x00000000c27430f8,0x00000000c4300000)
 Metaspace       used 66652K, committed 67968K, reserved 1114112K
  class space    used 8147K, committed 8768K, reserved 1048576K
}
Event: 163.986 GC heap after
{Heap after GC invocations=43 (full 3):
 PSYoungGen      total 22016K, used 416K [0x00000000eab00000, 0x00000000ec600000, 0x0000000100000000)
  eden space 21504K, 0% used [0x00000000eab00000,0x00000000eab00000,0x00000000ec000000)
  from space 512K, 81% used [0x00000000ec580000,0x00000000ec5e8000,0x00000000ec600000)
  to   space 512K, 0% used [0x00000000ec500000,0x00000000ec500000,0x00000000ec580000)
 ParOldGen       total 68608K, used 40252K [0x00000000c0000000, 0x00000000c4300000, 0x00000000eab00000)
  object space 68608K, 58% used [0x00000000c0000000,0x00000000c274f108,0x00000000c4300000)
 Metaspace       used 66652K, committed 67968K, reserved 1114112K
  class space    used 8147K, committed 8768K, reserved 1048576K
}

