# JRE version: OpenJDK Runtime Environment Temurin-21.0.6+7 (21.0.6+7) (build 21.0.6+7-LTS)
# Java VM: OpenJDK 64-Bit Server VM Temurin-21.0.6+7 (21.0.6+7-LTS, mixed mode, sharing, tiered, compressed oops, compressed class ptrs, parallel gc, windows-amd64)
GC Precious Log:
 CardTable entry size: 512
 CPUs: 4 total, 4 available
 Memory: 3977M
 Large Page Support: Disabled
 NUMA Support: Disabled
 Compressed Oops: Enabled (32-bit)
 Alignments: Space 512K, Generation 512K, Heap 2M
 Heap Min Capacity: 100M
 Heap Initial Capacity: 100M
 Heap Max Capacity: 1G
 Pre-touch: Disabled
 Parallel Workers: 4
Heap:
 PSYoungGen      total 22016K, used 2460K [0x00000000eab00000, 0x00000000ec300000, 0x0000000100000000)
  eden space 16896K, 10% used [0x00000000eab00000,0x00000000eacb7350,0x00000000ebb80000)
  from space 5120K, 13% used [0x00000000ebb80000,0x00000000ebc30000,0x00000000ec080000)
  to   space 2048K, 0% used [0x00000000ec100000,0x00000000ec100000,0x00000000ec300000)
 ParOldGen       total 68608K, used 50934K [0x00000000c0000000, 0x00000000c4300000, 0x00000000eab00000)
  object space 68608K, 74% used [0x00000000c0000000,0x00000000c31bdb40,0x00000000c4300000)
 Metaspace       used 54539K, committed 55872K, reserved 1114112K
  class space    used 6120K, committed 6720K, reserved 1048576K
GC Heap History (20 events):
Event: 22.155 GC heap before
{Heap before GC invocations=23 (full 2):
 PSYoungGen      total 24064K, used 23844K [0x00000000eab00000, 0x00000000ec680000, 0x0000000100000000)
  eden space 22016K, 100% used [0x00000000eab00000,0x00000000ec080000,0x00000000ec080000)
  from space 2048K, 89% used [0x00000000ec480000,0x00000000ec649000,0x00000000ec680000)
  to   space 2560K, 0% used [0x00000000ec180000,0x00000000ec180000,0x00000000ec400000)
 ParOldGen       total 68608K, used 27265K [0x00000000c0000000, 0x00000000c4300000, 0x00000000eab00000)
  object space 68608K, 39% used [0x00000000c0000000,0x00000000c1aa0510,0x00000000c4300000)
 Metaspace       used 42932K, committed 44096K, reserved 1114112K
  class space    used 4493K, committed 5056K, reserved 1048576K
}
Event: 22.160 GC heap after
{Heap after GC invocations=23 (full 2):
 PSYoungGen      total 24064K, used 1792K [0x00000000eab00000, 0x00000000ec500000, 0x0000000100000000)
  eden space 22016K, 0% used [0x00000000eab00000,0x00000000eab00000,0x00000000ec080000)
  from space 2048K, 87% used [0x00000000ec180000,0x00000000ec340000,0x00000000ec380000)
  to   space 1536K, 0% used [0x00000000ec380000,0x00000000ec380000,0x00000000ec500000)
 ParOldGen       total 68608K, used 29031K [0x00000000c0000000, 0x00000000c4300000, 0x00000000eab00000)
  object space 68608K, 42% used [0x00000000c0000000,0x00000000c1c59fc0,0x00000000c4300000)
 Metaspace       used 42932K, committed 44096K, reserved 1114112K
  class space    used 4493K, committed 5056K, reserved 1048576K
}
Event: 22.452 GC heap before
{Heap before GC invocations=24 (full 2):
 PSYoungGen      total 24064K, used 23808K [0x00000000eab00000, 0x00000000ec500000, 0x0000000100000000)
  eden space 22016K, 100% used [0x00000000eab00000,0x00000000ec080000,0x00000000ec080000)
  from space 2048K, 87% used [0x00000000ec180000,0x00000000ec340000,0x00000000ec380000)
  to   space 1536K, 0% used [0x00000000ec380000,0x00000000ec380000,0x00000000ec500000)
 ParOldGen       total 68608K, used 29031K [0x00000000c0000000, 0x00000000c4300000, 0x00000000eab00000)
  object space 68608K, 42% used [0x00000000c0000000,0x00000000c1c59fc0,0x00000000c4300000)
 Metaspace       used 43334K, committed 44544K, reserved 1114112K
  class space    used 4545K, committed 5120K, reserved 1048576K
}
Event: 22.458 GC heap after
{Heap after GC invocations=24 (full 2):
 PSYoungGen      total 22016K, used 1504K [0x00000000eab00000, 0x00000000ec980000, 0x0000000100000000)
  eden space 20480K, 0% used [0x00000000eab00000,0x00000000eab00000,0x00000000ebf00000)
  from space 1536K, 97% used [0x00000000ec380000,0x00000000ec4f8010,0x00000000ec500000)
  to   space 4608K, 0% used [0x00000000ebf00000,0x00000000ebf00000,0x00000000ec380000)
 ParOldGen       total 68608K, used 31307K [0x00000000c0000000, 0x00000000c4300000, 0x00000000eab00000)
  object space 68608K, 45% used [0x00000000c0000000,0x00000000c1e92fd0,0x00000000c4300000)
 Metaspace       used 43334K, committed 44544K, reserved 1114112K
  class space    used 4545K, committed 5120K, reserved 1048576K
}
Event: 22.697 GC heap before
{Heap before GC invocations=25 (full 2):
 PSYoungGen      total 22016K, used 21984K [0x00000000eab00000, 0x00000000ec980000, 0x0000000100000000)
  eden space 20480K, 100% used [0x00000000eab00000,0x00000000ebf00000,0x00000000ebf00000)
  from space 1536K, 97% used [0x00000000ec380000,0x00000000ec4f8010,0x00000000ec500000)
  to   space 4608K, 0% used [0x00000000ebf00000,0x00000000ebf00000,0x00000000ec380000)
 ParOldGen       total 68608K, used 31307K [0x00000000c0000000, 0x00000000c4300000, 0x00000000eab00000)
  object space 68608K, 45% used [0x00000000c0000000,0x00000000c1e92fd0,0x00000000c4300000)
 Metaspace       used 43578K, committed 44736K, reserved 1114112K
  class space    used 4580K, committed 5120K, reserved 1048576K
}
Event: 22.702 GC heap after
{Heap after GC invocations=25 (full 2):
 PSYoungGen      total 22528K, used 1688K [0x00000000eab00000, 0x00000000ec400000, 0x0000000100000000)
  eden space 20480K, 0% used [0x00000000eab00000,0x00000000eab00000,0x00000000ebf00000)
  from space 2048K, 82% used [0x00000000ebf00000,0x00000000ec0a6200,0x00000000ec100000)
  to   space 2560K, 0% used [0x00000000ec180000,0x00000000ec180000,0x00000000ec400000)
 ParOldGen       total 68608K, used 32827K [0x00000000c0000000, 0x00000000c4300000, 0x00000000eab00000)
  object space 68608K, 47% used [0x00000000c0000000,0x00000000c200efe0,0x00000000c4300000)
 Metaspace       used 43578K, committed 44736K, reserved 1114112K
  class space    used 4580K, committed 5120K, reserved 1048576K
}
Event: 23.402 GC heap before
{Heap before GC invocations=26 (full 2):
 PSYoungGen      total 22528K, used 22168K [0x00000000eab00000, 0x00000000ec400000, 0x0000000100000000)
  eden space 20480K, 100% used [0x00000000eab00000,0x00000000ebf00000,0x00000000ebf00000)
  from space 2048K, 82% used [0x00000000ebf00000,0x00000000ec0a6200,0x00000000ec100000)
  to   space 2560K, 0% used [0x00000000ec180000,0x00000000ec180000,0x00000000ec400000)
 ParOldGen       total 68608K, used 32827K [0x00000000c0000000, 0x00000000c4300000, 0x00000000eab00000)
  object space 68608K, 47% used [0x00000000c0000000,0x00000000c200efe0,0x00000000c4300000)
 Metaspace       used 45306K, committed 46528K, reserved 1114112K
  class space    used 4818K, committed 5376K, reserved 1048576K
}
Event: 23.407 GC heap after
{Heap after GC invocations=26 (full 2):
 PSYoungGen      total 23040K, used 2381K [0x00000000eab00000, 0x00000000ec400000, 0x0000000100000000)
  eden space 20480K, 0% used [0x00000000eab00000,0x00000000eab00000,0x00000000ebf00000)
  from space 2560K, 93% used [0x00000000ec180000,0x00000000ec3d3468,0x00000000ec400000)
  to   space 2560K, 0% used [0x00000000ebf00000,0x00000000ebf00000,0x00000000ec180000)
 ParOldGen       total 68608K, used 34436K [0x00000000c0000000, 0x00000000c4300000, 0x00000000eab00000)
  object space 68608K, 50% used [0x00000000c0000000,0x00000000c21a11f0,0x00000000c4300000)
 Metaspace       used 45306K, committed 46528K, reserved 1114112K
  class space    used 4818K, committed 5376K, reserved 1048576K
}
Event: 23.757 GC heap before
{Heap before GC invocations=27 (full 2):
 PSYoungGen      total 23040K, used 22861K [0x00000000eab00000, 0x00000000ec400000, 0x0000000100000000)
  eden space 20480K, 100% used [0x00000000eab00000,0x00000000ebf00000,0x00000000ebf00000)
  from space 2560K, 93% used [0x00000000ec180000,0x00000000ec3d3468,0x00000000ec400000)
  to   space 2560K, 0% used [0x00000000ebf00000,0x00000000ebf00000,0x00000000ec180000)
 ParOldGen       total 68608K, used 34436K [0x00000000c0000000, 0x00000000c4300000, 0x00000000eab00000)
  object space 68608K, 50% used [0x00000000c0000000,0x00000000c21a11f0,0x00000000c4300000)
 Metaspace       used 47800K, committed 48896K, reserved 1114112K
  class space    used 5120K, committed 5632K, reserved 1048576K
}
Event: 23.761 GC heap after
{Heap after GC invocations=27 (full 2):
 PSYoungGen      total 21504K, used 901K [0x00000000eab00000, 0x00000000ec200000, 0x0000000100000000)
  eden space 20480K, 0% used [0x00000000eab00000,0x00000000eab00000,0x00000000ebf00000)
  from space 1024K, 88% used [0x00000000ebf00000,0x00000000ebfe15d0,0x00000000ec000000)
  to   space 1536K, 0% used [0x00000000ec080000,0x00000000ec080000,0x00000000ec200000)
 ParOldGen       total 68608K, used 36347K [0x00000000c0000000, 0x00000000c4300000, 0x00000000eab00000)
  object space 68608K, 52% used [0x00000000c0000000,0x00000000c237efe8,0x00000000c4300000)
 Metaspace       used 47800K, committed 48896K, reserved 1114112K
  class space    used 5120K, committed 5632K, reserved 1048576K
}
Event: 24.735 GC heap before
{Heap before GC invocations=28 (full 2):
 PSYoungGen      total 21504K, used 21381K [0x00000000eab00000, 0x00000000ec200000, 0x0000000100000000)
  eden space 20480K, 100% used [0x00000000eab00000,0x00000000ebf00000,0x00000000ebf00000)
  from space 1024K, 88% used [0x00000000ebf00000,0x00000000ebfe15d0,0x00000000ec000000)
  to   space 1536K, 0% used [0x00000000ec080000,0x00000000ec080000,0x00000000ec200000)
 ParOldGen       total 68608K, used 36347K [0x00000000c0000000, 0x00000000c4300000, 0x00000000eab00000)
  object space 68608K, 52% used [0x00000000c0000000,0x00000000c237efe8,0x00000000c4300000)
 Metaspace       used 49751K, committed 50944K, reserved 1114112K
  class space    used 5355K, committed 5888K, reserved 1048576K
}
Event: 24.740 GC heap after
{Heap after GC invocations=28 (full 2):
 PSYoungGen      total 18432K, used 1520K [0x00000000eab00000, 0x00000000ec900000, 0x0000000100000000)
  eden space 16896K, 0% used [0x00000000eab00000,0x00000000eab00000,0x00000000ebb80000)
  from space 1536K, 98% used [0x00000000ec080000,0x00000000ec1fc248,0x00000000ec200000)
  to   space 5120K, 0% used [0x00000000ebb80000,0x00000000ebb80000,0x00000000ec080000)
 ParOldGen       total 68608K, used 38958K [0x00000000c0000000, 0x00000000c4300000, 0x00000000eab00000)
  object space 68608K, 56% used [0x00000000c0000000,0x00000000c260bb78,0x00000000c4300000)
 Metaspace       used 49751K, committed 50944K, reserved 1114112K
  class space    used 5355K, committed 5888K, reserved 1048576K
}
Event: 25.389 GC heap before
{Heap before GC invocations=29 (full 2):
 PSYoungGen      total 18432K, used 18416K [0x00000000eab00000, 0x00000000ec900000, 0x0000000100000000)
  eden space 16896K, 100% used [0x00000000eab00000,0x00000000ebb80000,0x00000000ebb80000)
  from space 1536K, 98% used [0x00000000ec080000,0x00000000ec1fc248,0x00000000ec200000)
  to   space 5120K, 0% used [0x00000000ebb80000,0x00000000ebb80000,0x00000000ec080000)
 ParOldGen       total 68608K, used 38958K [0x00000000c0000000, 0x00000000c4300000, 0x00000000eab00000)
  object space 68608K, 56% used [0x00000000c0000000,0x00000000c260bb78,0x00000000c4300000)
 Metaspace       used 51012K, committed 52288K, reserved 1114112K
  class space    used 5542K, committed 6080K, reserved 1048576K
}
Event: 25.393 GC heap after
{Heap after GC invocations=29 (full 2):
 PSYoungGen      total 22016K, used 5117K [0x00000000eab00000, 0x00000000ecb80000, 0x0000000100000000)
  eden space 16896K, 0% used [0x00000000eab00000,0x00000000eab00000,0x00000000ebb80000)
  from space 5120K, 99% used [0x00000000ebb80000,0x00000000ec07f408,0x00000000ec080000)
  to   space 8192K, 0% used [0x00000000ec380000,0x00000000ec380000,0x00000000ecb80000)
 ParOldGen       total 68608K, used 40890K [0x00000000c0000000, 0x00000000c4300000, 0x00000000eab00000)
  object space 68608K, 59% used [0x00000000c0000000,0x00000000c27ee920,0x00000000c4300000)
 Metaspace       used 51012K, committed 52288K, reserved 1114112K
  class space    used 5542K, committed 6080K, reserved 1048576K
}
Event: 26.421 GC heap before
{Heap before GC invocations=30 (full 2):
 PSYoungGen      total 22016K, used 22013K [0x00000000eab00000, 0x00000000ecb80000, 0x0000000100000000)
  eden space 16896K, 100% used [0x00000000eab00000,0x00000000ebb80000,0x00000000ebb80000)
  from space 5120K, 99% used [0x00000000ebb80000,0x00000000ec07f408,0x00000000ec080000)
  to   space 8192K, 0% used [0x00000000ec380000,0x00000000ec380000,0x00000000ecb80000)
 ParOldGen       total 68608K, used 40890K [0x00000000c0000000, 0x00000000c4300000, 0x00000000eab00000)
  object space 68608K, 59% used [0x00000000c0000000,0x00000000c27ee920,0x00000000c4300000)
 Metaspace       used 52504K, committed 53760K, reserved 1114112K
  class space    used 5770K, committed 6336K, reserved 1048576K
}
Event: 26.425 GC heap after
{Heap after GC invocations=30 (full 2):
 PSYoungGen      total 17920K, used 736K [0x00000000eab00000, 0x00000000ec480000, 0x0000000100000000)
  eden space 16896K, 0% used [0x00000000eab00000,0x00000000eab00000,0x00000000ebb80000)
  from space 1024K, 71% used [0x00000000ec380000,0x00000000ec438000,0x00000000ec480000)
  to   space 3072K, 0% used [0x00000000ebe80000,0x00000000ebe80000,0x00000000ec180000)
 ParOldGen       total 68608K, used 45927K [0x00000000c0000000, 0x00000000c4300000, 0x00000000eab00000)
  object space 68608K, 66% used [0x00000000c0000000,0x00000000c2cd9ee8,0x00000000c4300000)
 Metaspace       used 52504K, committed 53760K, reserved 1114112K
  class space    used 5770K, committed 6336K, reserved 1048576K
}
Event: 27.925 GC heap before
{Heap before GC invocations=31 (full 2):
 PSYoungGen      total 17920K, used 17632K [0x00000000eab00000, 0x00000000ec480000, 0x0000000100000000)
  eden space 16896K, 100% used [0x00000000eab00000,0x00000000ebb80000,0x00000000ebb80000)
  from space 1024K, 71% used [0x00000000ec380000,0x00000000ec438000,0x00000000ec480000)
  to   space 3072K, 0% used [0x00000000ebe80000,0x00000000ebe80000,0x00000000ec180000)
 ParOldGen       total 68608K, used 45927K [0x00000000c0000000, 0x00000000c4300000, 0x00000000eab00000)
  object space 68608K, 66% used [0x00000000c0000000,0x00000000c2cd9ee8,0x00000000c4300000)
 Metaspace       used 52605K, committed 53824K, reserved 1114112K
  class space    used 5777K, committed 6336K, reserved 1048576K
}
Event: 27.927 GC heap after
{Heap after GC invocations=31 (full 2):
 PSYoungGen      total 19968K, used 576K [0x00000000eab00000, 0x00000000ec400000, 0x0000000100000000)
  eden space 16896K, 0% used [0x00000000eab00000,0x00000000eab00000,0x00000000ebb80000)
  from space 3072K, 18% used [0x00000000ebe80000,0x00000000ebf10000,0x00000000ec180000)
  to   space 1536K, 0% used [0x00000000ec280000,0x00000000ec280000,0x00000000ec400000)
 ParOldGen       total 68608K, used 46580K [0x00000000c0000000, 0x00000000c4300000, 0x00000000eab00000)
  object space 68608K, 67% used [0x00000000c0000000,0x00000000c2d7d2a8,0x00000000c4300000)
 Metaspace       used 52605K, committed 53824K, reserved 1114112K
  class space    used 5777K, committed 6336K, reserved 1048576K
}
Event: 28.725 GC heap before
{Heap before GC invocations=32 (full 2):
 PSYoungGen      total 19968K, used 17472K [0x00000000eab00000, 0x00000000ec400000, 0x0000000100000000)
  eden space 16896K, 100% used [0x00000000eab00000,0x00000000ebb80000,0x00000000ebb80000)
  from space 3072K, 18% used [0x00000000ebe80000,0x00000000ebf10000,0x00000000ec180000)
  to   space 1536K, 0% used [0x00000000ec280000,0x00000000ec280000,0x00000000ec400000)
 ParOldGen       total 68608K, used 46580K [0x00000000c0000000, 0x00000000c4300000, 0x00000000eab00000)
  object space 68608K, 67% used [0x00000000c0000000,0x00000000c2d7d2a8,0x00000000c4300000)
 Metaspace       used 52695K, committed 54016K, reserved 1114112K
  class space    used 5801K, committed 6400K, reserved 1048576K
}
Event: 28.728 GC heap after
{Heap after GC invocations=32 (full 2):
 PSYoungGen      total 18432K, used 1524K [0x00000000eab00000, 0x00000000ec580000, 0x0000000100000000)
  eden space 16896K, 0% used [0x00000000eab00000,0x00000000eab00000,0x00000000ebb80000)
  from space 1536K, 99% used [0x00000000ec280000,0x00000000ec3fd208,0x00000000ec400000)
  to   space 5120K, 0% used [0x00000000ebb80000,0x00000000ebb80000,0x00000000ec080000)
 ParOldGen       total 68608K, used 49420K [0x00000000c0000000, 0x00000000c4300000, 0x00000000eab00000)
  object space 68608K, 72% used [0x00000000c0000000,0x00000000c30431d8,0x00000000c4300000)
 Metaspace       used 52695K, committed 54016K, reserved 1114112K
  class space    used 5801K, committed 6400K, reserved 1048576K
}

