# JRE version: OpenJDK Runtime Environment Temurin-21.0.6+7 (21.0.6+7) (build 21.0.6+7-LTS)
# Java VM: OpenJDK 64-Bit Server VM Temurin-21.0.6+7 (21.0.6+7-LTS, mixed mode, sharing, tiered, compressed oops, compressed class ptrs, parallel gc, windows-amd64)
GC Precious Log:
 CardTable entry size: 512
 CPUs: 4 total, 4 available
 Memory: 3977M
 Large Page Support: Disabled
 NUMA Support: Disabled
 Compressed Oops: Enabled (32-bit)
 Alignments: Space 512K, Generation 512K, Heap 2M
 Heap Min Capacity: 100M
 Heap Initial Capacity: 100M
 Heap Max Capacity: 1G
 Pre-touch: Disabled
 Parallel Workers: 4
Heap:
 PSYoungGen      total 3072K, used 216K [0x00000000eab00000, 0x00000000eaf80000, 0x0000000100000000)
  eden space 2048K, 1% used [0x00000000eab00000,0x00000000eab06028,0x00000000ead00000)
  from space 1024K, 18% used [0x00000000eae00000,0x00000000eae30010,0x00000000eaf00000)
  to   space 512K, 0% used [0x00000000eaf00000,0x00000000eaf00000,0x00000000eaf80000)
 ParOldGen       total 435200K, used 434939K [0x00000000c0000000, 0x00000000da900000, 0x00000000eab00000)
  object space 435200K, 99% used [0x00000000c0000000,0x00000000da8bee08,0x00000000da900000)
 Metaspace       used 69422K, committed 70912K, reserved 1114112K
  class space    used 8403K, committed 9088K, reserved 1048576K
GC Heap History (20 events):
Event: 96.008 GC heap before
{Heap before GC invocations=446 (full 3):
 PSYoungGen      total 3584K, used 3130K [0x00000000eab00000, 0x00000000eb100000, 0x0000000100000000)
  eden space 1536K, 99% used [0x00000000eab00000,0x00000000eac7ead0,0x00000000eac80000)
  from space 2048K, 78% used [0x00000000eae80000,0x00000000eb010000,0x00000000eb080000)
  to   space 2048K, 0% used [0x00000000eac80000,0x00000000eac80000,0x00000000eae80000)
 ParOldGen       total 423424K, used 423114K [0x00000000c0000000, 0x00000000d9d80000, 0x00000000eab00000)
  object space 423424K, 99% used [0x00000000c0000000,0x00000000d9d329c0,0x00000000d9d80000)
 Metaspace       used 69268K, committed 70656K, reserved 1114112K
  class space    used 8390K, committed 9024K, reserved 1048576K
}
Event: 96.011 GC heap after
{Heap after GC invocations=446 (full 3):
 PSYoungGen      total 3584K, used 1569K [0x00000000eab00000, 0x00000000eb100000, 0x0000000100000000)
  eden space 1536K, 0% used [0x00000000eab00000,0x00000000eab00000,0x00000000eac80000)
  from space 2048K, 76% used [0x00000000eac80000,0x00000000eae086d0,0x00000000eae80000)
  to   space 2048K, 0% used [0x00000000eaf00000,0x00000000eaf00000,0x00000000eb100000)
 ParOldGen       total 424960K, used 424642K [0x00000000c0000000, 0x00000000d9f00000, 0x00000000eab00000)
  object space 424960K, 99% used [0x00000000c0000000,0x00000000d9eb09c0,0x00000000d9f00000)
 Metaspace       used 69268K, committed 70656K, reserved 1114112K
  class space    used 8390K, committed 9024K, reserved 1048576K
}
Event: 96.026 GC heap before
{Heap before GC invocations=447 (full 3):
 PSYoungGen      total 3584K, used 3105K [0x00000000eab00000, 0x00000000eb100000, 0x0000000100000000)
  eden space 1536K, 100% used [0x00000000eab00000,0x00000000eac80000,0x00000000eac80000)
  from space 2048K, 76% used [0x00000000eac80000,0x00000000eae086d0,0x00000000eae80000)
  to   space 2048K, 0% used [0x00000000eaf00000,0x00000000eaf00000,0x00000000eb100000)
 ParOldGen       total 424960K, used 424642K [0x00000000c0000000, 0x00000000d9f00000, 0x00000000eab00000)
  object space 424960K, 99% used [0x00000000c0000000,0x00000000d9eb09c0,0x00000000d9f00000)
 Metaspace       used 69277K, committed 70720K, reserved 1114112K
  class space    used 8390K, committed 9024K, reserved 1048576K
}
Event: 96.030 GC heap after
{Heap after GC invocations=447 (full 3):
 PSYoungGen      total 4096K, used 1607K [0x00000000eab00000, 0x00000000eb100000, 0x0000000100000000)
  eden space 2048K, 0% used [0x00000000eab00000,0x00000000eab00000,0x00000000ead00000)
  from space 2048K, 78% used [0x00000000eaf00000,0x00000000eb091de0,0x00000000eb100000)
  to   space 2048K, 0% used [0x00000000ead00000,0x00000000ead00000,0x00000000eaf00000)
 ParOldGen       total 426496K, used 426182K [0x00000000c0000000, 0x00000000da080000, 0x00000000eab00000)
  object space 426496K, 99% used [0x00000000c0000000,0x00000000da031b28,0x00000000da080000)
 Metaspace       used 69277K, committed 70720K, reserved 1114112K
  class space    used 8390K, committed 9024K, reserved 1048576K
}
Event: 96.057 GC heap before
{Heap before GC invocations=448 (full 3):
 PSYoungGen      total 4096K, used 3612K [0x00000000eab00000, 0x00000000eb100000, 0x0000000100000000)
  eden space 2048K, 97% used [0x00000000eab00000,0x00000000eacf5558,0x00000000ead00000)
  from space 2048K, 78% used [0x00000000eaf00000,0x00000000eb091de0,0x00000000eb100000)
  to   space 2048K, 0% used [0x00000000ead00000,0x00000000ead00000,0x00000000eaf00000)
 ParOldGen       total 426496K, used 426182K [0x00000000c0000000, 0x00000000da080000, 0x00000000eab00000)
  object space 426496K, 99% used [0x00000000c0000000,0x00000000da031b28,0x00000000da080000)
 Metaspace       used 69294K, committed 70720K, reserved 1114112K
  class space    used 8390K, committed 9024K, reserved 1048576K
}
Event: 96.062 GC heap after
{Heap after GC invocations=448 (full 3):
 PSYoungGen      total 4096K, used 1744K [0x00000000eab00000, 0x00000000eb180000, 0x0000000100000000)
  eden space 2048K, 0% used [0x00000000eab00000,0x00000000eab00000,0x00000000ead00000)
  from space 2048K, 85% used [0x00000000ead00000,0x00000000eaeb43a8,0x00000000eaf00000)
  to   space 2048K, 0% used [0x00000000eaf80000,0x00000000eaf80000,0x00000000eb180000)
 ParOldGen       total 428032K, used 427710K [0x00000000c0000000, 0x00000000da200000, 0x00000000eab00000)
  object space 428032K, 99% used [0x00000000c0000000,0x00000000da1af908,0x00000000da200000)
 Metaspace       used 69294K, committed 70720K, reserved 1114112K
  class space    used 8390K, committed 9024K, reserved 1048576K
}
Event: 96.071 GC heap before
{Heap before GC invocations=449 (full 3):
 PSYoungGen      total 4096K, used 3792K [0x00000000eab00000, 0x00000000eb180000, 0x0000000100000000)
  eden space 2048K, 100% used [0x00000000eab00000,0x00000000ead00000,0x00000000ead00000)
  from space 2048K, 85% used [0x00000000ead00000,0x00000000eaeb43a8,0x00000000eaf00000)
  to   space 2048K, 0% used [0x00000000eaf80000,0x00000000eaf80000,0x00000000eb180000)
 ParOldGen       total 428032K, used 427710K [0x00000000c0000000, 0x00000000da200000, 0x00000000eab00000)
  object space 428032K, 99% used [0x00000000c0000000,0x00000000da1af908,0x00000000da200000)
 Metaspace       used 69294K, committed 70720K, reserved 1114112K
  class space    used 8390K, committed 9024K, reserved 1048576K
}
Event: 96.076 GC heap after
{Heap after GC invocations=449 (full 3):
 PSYoungGen      total 2560K, used 2046K [0x00000000eab00000, 0x00000000eb680000, 0x0000000100000000)
  eden space 512K, 0% used [0x00000000eab00000,0x00000000eab00000,0x00000000eab80000)
  from space 2048K, 99% used [0x00000000eaf80000,0x00000000eb17fb68,0x00000000eb180000)
  to   space 4096K, 0% used [0x00000000eab80000,0x00000000eab80000,0x00000000eaf80000)
 ParOldGen       total 429568K, used 429439K [0x00000000c0000000, 0x00000000da380000, 0x00000000eab00000)
  object space 429568K, 99% used [0x00000000c0000000,0x00000000da35fcb0,0x00000000da380000)
 Metaspace       used 69294K, committed 70720K, reserved 1114112K
  class space    used 8390K, committed 9024K, reserved 1048576K
}
Event: 96.083 GC heap before
{Heap before GC invocations=450 (full 3):
 PSYoungGen      total 2560K, used 2558K [0x00000000eab00000, 0x00000000eb680000, 0x0000000100000000)
  eden space 512K, 99% used [0x00000000eab00000,0x00000000eab7ffd0,0x00000000eab80000)
  from space 2048K, 99% used [0x00000000eaf80000,0x00000000eb17fb68,0x00000000eb180000)
  to   space 4096K, 0% used [0x00000000eab80000,0x00000000eab80000,0x00000000eaf80000)
 ParOldGen       total 429568K, used 429439K [0x00000000c0000000, 0x00000000da380000, 0x00000000eab00000)
  object space 429568K, 99% used [0x00000000c0000000,0x00000000da35fcb0,0x00000000da380000)
 Metaspace       used 69294K, committed 70720K, reserved 1114112K
  class space    used 8390K, committed 9024K, reserved 1048576K
}
Event: 96.087 GC heap after
{Heap after GC invocations=450 (full 3):
 PSYoungGen      total 1536K, used 544K [0x00000000eab00000, 0x00000000eb000000, 0x0000000100000000)
  eden space 512K, 0% used [0x00000000eab00000,0x00000000eab00000,0x00000000eab80000)
  from space 1024K, 53% used [0x00000000eab80000,0x00000000eac08000,0x00000000eac80000)
  to   space 2048K, 0% used [0x00000000eae00000,0x00000000eae00000,0x00000000eb000000)
 ParOldGen       total 431616K, used 431486K [0x00000000c0000000, 0x00000000da580000, 0x00000000eab00000)
  object space 431616K, 99% used [0x00000000c0000000,0x00000000da55f818,0x00000000da580000)
 Metaspace       used 69294K, committed 70720K, reserved 1114112K
  class space    used 8390K, committed 9024K, reserved 1048576K
}
Event: 96.090 GC heap before
{Heap before GC invocations=451 (full 3):
 PSYoungGen      total 1536K, used 1055K [0x00000000eab00000, 0x00000000eb000000, 0x0000000100000000)
  eden space 512K, 99% used [0x00000000eab00000,0x00000000eab7ffe8,0x00000000eab80000)
  from space 1024K, 53% used [0x00000000eab80000,0x00000000eac08000,0x00000000eac80000)
  to   space 2048K, 0% used [0x00000000eae00000,0x00000000eae00000,0x00000000eb000000)
 ParOldGen       total 431616K, used 431486K [0x00000000c0000000, 0x00000000da580000, 0x00000000eab00000)
  object space 431616K, 99% used [0x00000000c0000000,0x00000000da55f818,0x00000000da580000)
 Metaspace       used 69294K, committed 70720K, reserved 1114112K
  class space    used 8390K, committed 9024K, reserved 1048576K
}
Event: 96.094 GC heap after
{Heap after GC invocations=451 (full 3):
 PSYoungGen      total 2048K, used 544K [0x00000000eab00000, 0x00000000eaf00000, 0x0000000100000000)
  eden space 1024K, 0% used [0x00000000eab00000,0x00000000eab00000,0x00000000eac00000)
  from space 1024K, 53% used [0x00000000eae00000,0x00000000eae88000,0x00000000eaf00000)
  to   space 1024K, 0% used [0x00000000ead00000,0x00000000ead00000,0x00000000eae00000)
 ParOldGen       total 432128K, used 431982K [0x00000000c0000000, 0x00000000da600000, 0x00000000eab00000)
  object space 432128K, 99% used [0x00000000c0000000,0x00000000da5db818,0x00000000da600000)
 Metaspace       used 69294K, committed 70720K, reserved 1114112K
  class space    used 8390K, committed 9024K, reserved 1048576K
}
Event: 96.097 GC heap before
{Heap before GC invocations=452 (full 3):
 PSYoungGen      total 2048K, used 1568K [0x00000000eab00000, 0x00000000eaf00000, 0x0000000100000000)
  eden space 1024K, 100% used [0x00000000eab00000,0x00000000eac00000,0x00000000eac00000)
  from space 1024K, 53% used [0x00000000eae00000,0x00000000eae88000,0x00000000eaf00000)
  to   space 1024K, 0% used [0x00000000ead00000,0x00000000ead00000,0x00000000eae00000)
 ParOldGen       total 432128K, used 431982K [0x00000000c0000000, 0x00000000da600000, 0x00000000eab00000)
  object space 432128K, 99% used [0x00000000c0000000,0x00000000da5db818,0x00000000da600000)
 Metaspace       used 69294K, committed 70720K, reserved 1114112K
  class space    used 8390K, committed 9024K, reserved 1048576K
}
Event: 96.100 GC heap after
{Heap after GC invocations=452 (full 3):
 PSYoungGen      total 2560K, used 1010K [0x00000000eab00000, 0x00000000eb080000, 0x0000000100000000)
  eden space 1536K, 0% used [0x00000000eab00000,0x00000000eab00000,0x00000000eac80000)
  from space 1024K, 98% used [0x00000000ead00000,0x00000000eadfc900,0x00000000eae00000)
  to   space 2048K, 0% used [0x00000000eae80000,0x00000000eae80000,0x00000000eb080000)
 ParOldGen       total 432640K, used 432542K [0x00000000c0000000, 0x00000000da680000, 0x00000000eab00000)
  object space 432640K, 99% used [0x00000000c0000000,0x00000000da667818,0x00000000da680000)
 Metaspace       used 69294K, committed 70720K, reserved 1114112K
  class space    used 8390K, committed 9024K, reserved 1048576K
}
Event: 96.108 GC heap before
{Heap before GC invocations=453 (full 3):
 PSYoungGen      total 2560K, used 2283K [0x00000000eab00000, 0x00000000eb080000, 0x0000000100000000)
  eden space 1536K, 82% used [0x00000000eab00000,0x00000000eac3e408,0x00000000eac80000)
  from space 1024K, 98% used [0x00000000ead00000,0x00000000eadfc900,0x00000000eae00000)
  to   space 2048K, 0% used [0x00000000eae80000,0x00000000eae80000,0x00000000eb080000)
 ParOldGen       total 432640K, used 432542K [0x00000000c0000000, 0x00000000da680000, 0x00000000eab00000)
  object space 432640K, 99% used [0x00000000c0000000,0x00000000da667818,0x00000000da680000)
 Metaspace       used 69294K, committed 70720K, reserved 1114112K
  class space    used 8390K, committed 9024K, reserved 1048576K
}
Event: 96.111 GC heap after
{Heap after GC invocations=453 (full 3):
 PSYoungGen      total 3584K, used 1301K [0x00000000eab00000, 0x00000000eb000000, 0x0000000100000000)
  eden space 2048K, 0% used [0x00000000eab00000,0x00000000eab00000,0x00000000ead00000)
  from space 1536K, 84% used [0x00000000eae80000,0x00000000eafc5458,0x00000000eb000000)
  to   space 1536K, 0% used [0x00000000ead00000,0x00000000ead00000,0x00000000eae80000)
 ParOldGen       total 433664K, used 433210K [0x00000000c0000000, 0x00000000da780000, 0x00000000eab00000)
  object space 433664K, 99% used [0x00000000c0000000,0x00000000da70e878,0x00000000da780000)
 Metaspace       used 69294K, committed 70720K, reserved 1114112K
  class space    used 8390K, committed 9024K, reserved 1048576K
}
Event: 96.325 GC heap before
{Heap before GC invocations=454 (full 3):
 PSYoungGen      total 3584K, used 3040K [0x00000000eab00000, 0x00000000eb000000, 0x0000000100000000)
  eden space 2048K, 84% used [0x00000000eab00000,0x00000000eacb2c08,0x00000000ead00000)
  from space 1536K, 84% used [0x00000000eae80000,0x00000000eafc5458,0x00000000eb000000)
  to   space 1536K, 0% used [0x00000000ead00000,0x00000000ead00000,0x00000000eae80000)
 ParOldGen       total 433664K, used 433210K [0x00000000c0000000, 0x00000000da780000, 0x00000000eab00000)
  object space 433664K, 99% used [0x00000000c0000000,0x00000000da70e878,0x00000000da780000)
 Metaspace       used 69308K, committed 70720K, reserved 1114112K
  class space    used 8391K, committed 9024K, reserved 1048576K
}
Event: 96.330 GC heap after
{Heap after GC invocations=454 (full 3):
 PSYoungGen      total 3584K, used 1081K [0x00000000eab00000, 0x00000000eb080000, 0x0000000100000000)
  eden space 2048K, 0% used [0x00000000eab00000,0x00000000eab00000,0x00000000ead00000)
  from space 1536K, 70% used [0x00000000ead00000,0x00000000eae0e590,0x00000000eae80000)
  to   space 1536K, 0% used [0x00000000eaf00000,0x00000000eaf00000,0x00000000eb080000)
 ParOldGen       total 433664K, used 433634K [0x00000000c0000000, 0x00000000da780000, 0x00000000eab00000)
  object space 433664K, 99% used [0x00000000c0000000,0x00000000da778878,0x00000000da780000)
 Metaspace       used 69308K, committed 70720K, reserved 1114112K
  class space    used 8391K, committed 9024K, reserved 1048576K
}
Event: 100.456 GC heap before
{Heap before GC invocations=455 (full 3):
 PSYoungGen      total 3584K, used 3129K [0x00000000eab00000, 0x00000000eb080000, 0x0000000100000000)
  eden space 2048K, 100% used [0x00000000eab00000,0x00000000ead00000,0x00000000ead00000)
  from space 1536K, 70% used [0x00000000ead00000,0x00000000eae0e590,0x00000000eae80000)
  to   space 1536K, 0% used [0x00000000eaf00000,0x00000000eaf00000,0x00000000eb080000)
 ParOldGen       total 433664K, used 433634K [0x00000000c0000000, 0x00000000da780000, 0x00000000eab00000)
  object space 433664K, 99% used [0x00000000c0000000,0x00000000da778878,0x00000000da780000)
 Metaspace       used 69319K, committed 70720K, reserved 1114112K
  class space    used 8391K, committed 9024K, reserved 1048576K
}
Event: 100.459 GC heap after
{Heap after GC invocations=455 (full 3):
 PSYoungGen      total 3072K, used 640K [0x00000000eab00000, 0x00000000eb000000, 0x0000000100000000)
  eden space 2048K, 0% used [0x00000000eab00000,0x00000000eab00000,0x00000000ead00000)
  from space 1024K, 62% used [0x00000000eaf00000,0x00000000eafa0010,0x00000000eb000000)
  to   space 1024K, 0% used [0x00000000eae00000,0x00000000eae00000,0x00000000eaf00000)
 ParOldGen       total 434688K, used 434347K [0x00000000c0000000, 0x00000000da880000, 0x00000000eab00000)
  object space 434688K, 99% used [0x00000000c0000000,0x00000000da82adf8,0x00000000da880000)
 Metaspace       used 69319K, committed 70720K, reserved 1114112K
  class space    used 8391K, committed 9024K, reserved 1048576K
}

