# JRE version: Java(TM) SE Runtime Environment (8.0_181-b13) (build 1.8.0_181-b13)
# Java VM: Java HotSpot(TM) 64-Bit Server VM (25.181-b13 mixed mode windows-amd64 compressed oops)
Heap:
 PSYoungGen      total 217600K, used 119474K [0x000000076ab00000, 0x000000077c480000, 0x00000007c0000000)
  eden space 205312K, 58% used [0x000000076ab00000,0x0000000771faca38,0x0000000777380000)
  from space 12288K, 0% used [0x0000000777380000,0x0000000777380000,0x0000000777f80000)
  to   space 13312K, 0% used [0x000000077b780000,0x000000077b780000,0x000000077c480000)
 ParOldGen       total 75776K, used 32969K [0x00000006c0000000, 0x00000006c4a00000, 0x000000076ab00000)
  object space 75776K, 43% used [0x00000006c0000000,0x00000006c2032698,0x00000006c4a00000)
 Metaspace       used 60447K, capacity 66402K, committed 66584K, reserved 1105920K
  class space    used 8938K, capacity 9919K, committed 10024K, reserved 1048576K
GC Heap History (10 events):
Event: 46.955 GC heap before
{Heap before GC invocations=14 (full 2):
 PSYoungGen      total 166400K, used 7804K [0x000000076ab00000, 0x0000000775880000, 0x00000007c0000000)
  eden space 157184K, 0% used [0x000000076ab00000,0x000000076ab00000,0x0000000774480000)
  from space 9216K, 84% used [0x0000000774f00000,0x000000077569f278,0x0000000775800000)
  to   space 10240K, 0% used [0x0000000774480000,0x0000000774480000,0x0000000774e80000)
 ParOldGen       total 29696K, used 13187K [0x00000006c0000000, 0x00000006c1d00000, 0x000000076ab00000)
  object space 29696K, 44% used [0x00000006c0000000,0x00000006c0ce0e98,0x00000006c1d00000)
 Metaspace       used 33631K, capacity 35462K, committed 35496K, reserved 1079296K
  class space    used 4899K, capacity 5262K, committed 5288K, reserved 1048576K
Event: 47.087 GC heap after
Heap after GC invocations=14 (full 2):
 PSYoungGen      total 166400K, used 0K [0x000000076ab00000, 0x0000000775880000, 0x00000007c0000000)
  eden space 157184K, 0% used [0x000000076ab00000,0x000000076ab00000,0x0000000774480000)
  from space 9216K, 0% used [0x0000000774f00000,0x0000000774f00000,0x0000000775800000)
  to   space 10240K, 0% used [0x0000000774480000,0x0000000774480000,0x0000000774e80000)
 ParOldGen       total 49664K, used 18829K [0x00000006c0000000, 0x00000006c3080000, 0x000000076ab00000)
  object space 49664K, 37% used [0x00000006c0000000,0x00000006c1263768,0x00000006c3080000)
 Metaspace       used 33631K, capacity 35462K, committed 35496K, reserved 1079296K
  class space    used 4899K, capacity 5262K, committed 5288K, reserved 1048576K
}
Event: 54.928 GC heap before
{Heap before GC invocations=15 (full 2):
 PSYoungGen      total 166400K, used 157184K [0x000000076ab00000, 0x0000000775880000, 0x00000007c0000000)
  eden space 157184K, 100% used [0x000000076ab00000,0x0000000774480000,0x0000000774480000)
  from space 9216K, 0% used [0x0000000774f00000,0x0000000774f00000,0x0000000775800000)
  to   space 10240K, 0% used [0x0000000774480000,0x0000000774480000,0x0000000774e80000)
 ParOldGen       total 49664K, used 18829K [0x00000006c0000000, 0x00000006c3080000, 0x000000076ab00000)
  object space 49664K, 37% used [0x00000006c0000000,0x00000006c1263768,0x00000006c3080000)
 Metaspace       used 40552K, capacity 43140K, committed 43304K, reserved 1085440K
  class space    used 5784K, capacity 6322K, committed 6440K, reserved 1048576K
Event: 54.989 GC heap after
Heap after GC invocations=15 (full 2):
 PSYoungGen      total 167424K, used 10166K [0x000000076ab00000, 0x0000000778d80000, 0x00000007c0000000)
  eden space 157184K, 0% used [0x000000076ab00000,0x000000076ab00000,0x0000000774480000)
  from space 10240K, 99% used [0x0000000774480000,0x0000000774e6d910,0x0000000774e80000)
  to   space 11776K, 0% used [0x0000000778200000,0x0000000778200000,0x0000000778d80000)
 ParOldGen       total 49664K, used 18837K [0x00000006c0000000, 0x00000006c3080000, 0x000000076ab00000)
  object space 49664K, 37% used [0x00000006c0000000,0x00000006c1265768,0x00000006c3080000)
 Metaspace       used 40552K, capacity 43140K, committed 43304K, reserved 1085440K
  class space    used 5784K, capacity 6322K, committed 6440K, reserved 1048576K
}
Event: 71.609 GC heap before
{Heap before GC invocations=16 (full 2):
 PSYoungGen      total 167424K, used 167350K [0x000000076ab00000, 0x0000000778d80000, 0x00000007c0000000)
  eden space 157184K, 100% used [0x000000076ab00000,0x0000000774480000,0x0000000774480000)
  from space 10240K, 99% used [0x0000000774480000,0x0000000774e6d910,0x0000000774e80000)
  to   space 11776K, 0% used [0x0000000778200000,0x0000000778200000,0x0000000778d80000)
 ParOldGen       total 49664K, used 18837K [0x00000006c0000000, 0x00000006c3080000, 0x000000076ab00000)
  object space 49664K, 37% used [0x00000006c0000000,0x00000006c1265768,0x00000006c3080000)
 Metaspace       used 48465K, capacity 52246K, committed 52392K, reserved 1093632K
  class space    used 7120K, capacity 7784K, committed 7848K, reserved 1048576K
Event: 71.678 GC heap after
Heap after GC invocations=16 (full 2):
 PSYoungGen      total 213504K, used 9384K [0x000000076ab00000, 0x0000000778b80000, 0x00000007c0000000)
  eden space 203776K, 0% used [0x000000076ab00000,0x000000076ab00000,0x0000000777200000)
  from space 9728K, 96% used [0x0000000778200000,0x0000000778b2a0d0,0x0000000778b80000)
  to   space 12288K, 0% used [0x0000000777380000,0x0000000777380000,0x0000000777f80000)
 ParOldGen       total 49664K, used 24837K [0x00000006c0000000, 0x00000006c3080000, 0x000000076ab00000)
  object space 49664K, 50% used [0x00000006c0000000,0x00000006c1841588,0x00000006c3080000)
 Metaspace       used 48465K, capacity 52246K, committed 52392K, reserved 1093632K
  class space    used 7120K, capacity 7784K, committed 7848K, reserved 1048576K
}
Event: 74.603 GC heap before
{Heap before GC invocations=17 (full 2):
 PSYoungGen      total 213504K, used 160024K [0x000000076ab00000, 0x0000000778b80000, 0x00000007c0000000)
  eden space 203776K, 73% used [0x000000076ab00000,0x0000000773e1bfc8,0x0000000777200000)
  from space 9728K, 96% used [0x0000000778200000,0x0000000778b2a0d0,0x0000000778b80000)
  to   space 12288K, 0% used [0x0000000777380000,0x0000000777380000,0x0000000777f80000)
 ParOldGen       total 49664K, used 24837K [0x00000006c0000000, 0x00000006c3080000, 0x000000076ab00000)
  object space 49664K, 50% used [0x00000006c0000000,0x00000006c1841588,0x00000006c3080000)
 Metaspace       used 54858K, capacity 59114K, committed 59160K, reserved 1099776K
  class space    used 7969K, capacity 8723K, committed 8744K, reserved 1048576K
Event: 74.628 GC heap after
Heap after GC invocations=17 (full 2):
 PSYoungGen      total 217600K, used 9650K [0x000000076ab00000, 0x000000077c480000, 0x00000007c0000000)
  eden space 205312K, 0% used [0x000000076ab00000,0x000000076ab00000,0x0000000777380000)
  from space 12288K, 78% used [0x0000000777380000,0x0000000777cec8c0,0x0000000777f80000)
  to   space 13312K, 0% used [0x000000077b780000,0x000000077b780000,0x000000077c480000)
 ParOldGen       total 49664K, used 28915K [0x00000006c0000000, 0x00000006c3080000, 0x000000076ab00000)
  object space 49664K, 58% used [0x00000006c0000000,0x00000006c1c3cc48,0x00000006c3080000)
 Metaspace       used 54858K, capacity 59114K, committed 59160K, reserved 1099776K
  class space    used 7969K, capacity 8723K, committed 8744K, reserved 1048576K
}
Event: 74.628 GC heap before
{Heap before GC invocations=18 (full 3):
 PSYoungGen      total 217600K, used 9650K [0x000000076ab00000, 0x000000077c480000, 0x00000007c0000000)
  eden space 205312K, 0% used [0x000000076ab00000,0x000000076ab00000,0x0000000777380000)
  from space 12288K, 78% used [0x0000000777380000,0x0000000777cec8c0,0x0000000777f80000)
  to   space 13312K, 0% used [0x000000077b780000,0x000000077b780000,0x000000077c480000)
 ParOldGen       total 49664K, used 28915K [0x00000006c0000000, 0x00000006c3080000, 0x000000076ab00000)
  object space 49664K, 58% used [0x00000006c0000000,0x00000006c1c3cc48,0x00000006c3080000)
 Metaspace       used 54858K, capacity 59114K, committed 59160K, reserved 1099776K
  class space    used 7969K, capacity 8723K, committed 8744K, reserved 1048576K
Event: 75.244 GC heap after
Heap after GC invocations=18 (full 3):
 PSYoungGen      total 217600K, used 0K [0x000000076ab00000, 0x000000077c480000, 0x00000007c0000000)
  eden space 205312K, 0% used [0x000000076ab00000,0x000000076ab00000,0x0000000777380000)
  from space 12288K, 0% used [0x0000000777380000,0x0000000777380000,0x0000000777f80000)
  to   space 13312K, 0% used [0x000000077b780000,0x000000077b780000,0x000000077c480000)
 ParOldGen       total 75776K, used 32969K [0x00000006c0000000, 0x00000006c4a00000, 0x000000076ab00000)
  object space 75776K, 43% used [0x00000006c0000000,0x00000006c2032698,0x00000006c4a00000)
 Metaspace       used 54858K, capacity 59114K, committed 59160K, reserved 1099776K
  class space    used 7969K, capacity 8723K, committed 8744K, reserved 1048576K
}

